<?xml version="1.0" encoding="UTF-8"?>
<Site BuildName="(empty)"
	BuildStamp="20260830-2301-Experimental"
	Name="kaza"
	Generator="ctest-3.28.3"
	CompilerName="/usr/bin/clang++-14"
	CompilerVersion="14.0.6"
	OSName="Linux"
	Hostname="kaza"
	OSRelease="6.8.0-138-generic"
	OSVersion="#138-Ubuntu SMP PREEMPT_DYNAMIC Fri Jul 31 22:41:49 UTC 2026"
	OSPlatform="x86_64"
	Is64Bits="1"
	VendorString="GenuineIntel"
	VendorID="Intel Corporation"
	FamilyID="6"
	ModelID="186"
	ProcessorCacheSize="12288"
	NumberOfLogicalCPU="12"
	NumberOfPhysicalCPU="8"
	TotalVirtualMemory="0"
	TotalPhysicalMemory="31731"
	LogicalProcessorsPerPhysical="1"
	ProcessorClockFrequency="1407.15"
	>
	<Testing>
		<StartDateTime>Aug 31 01:01 CEST</StartDateTime>
		<StartTestTime>1788130872</StartTestTime>
		<TestList/>
		<EndDateTime>Aug 31 01:01 CEST</EndDateTime>
		<EndTestTime>1788130872</EndTestTime>
		<ElapsedMinutes>0</ElapsedMinutes>
	</Testing>
</Site>
